[     0s] Accepting connections...
[    38s] Accepted all reader / writer connections.
[    38s] Verified all reader / writer connections.
[    38s] Transmitted all client connection info.
[    39s] Reading 2048 blocks for snapshot 7...
[  1898s] Sending projection requests...
[  1959s] Transferring particles to writers...
[  2131s] Analyzing for FoF groups...
[  7133s] Transferring boundary particles between writers...
[  7147s] Linking boundary particles...
[  7150s] Analyzing for halos / subhalos...
[  7154s] Loading merger tree information...
[  7164s] Constructing merger tree...
[  7165s] [Success] Done with snapshot 7.
[  7165s] Reading 2048 blocks for snapshot 8...
[  9562s] Sending projection requests...
[  9622s] Transferring particles to writers...
[  9789s] Analyzing for FoF groups...
[ 14785s] Transferring boundary particles between writers...
[ 14800s] Linking boundary particles...
[ 14802s] Analyzing for halos / subhalos...
[ 14807s] Loading merger tree information...
[ 14816s] Constructing merger tree...
[ 14817s] [Success] Done with snapshot 8.
[ 14817s] Reading 2048 blocks for snapshot 9...
[ 17194s] Sending projection requests...
[ 17252s] Transferring particles to writers...
[ 17424s] Analyzing for FoF groups...
[ 22453s] Transferring boundary particles between writers...
[ 22466s] Linking boundary particles...
[ 22469s] Analyzing for halos / subhalos...
[ 22474s] Loading merger tree information...
[ 22484s] Constructing merger tree...
[ 22485s] [Success] Done with snapshot 9.
[ 22485s] Reading 2048 blocks for snapshot 10...
[ 24868s] Sending projection requests...
[ 24929s] Transferring particles to writers...
[ 25097s] Analyzing for FoF groups...
[ 30127s] Transferring boundary particles between writers...
[ 30141s] Linking boundary particles...
[ 30144s] Analyzing for halos / subhalos...
[ 30149s] Loading merger tree information...
[ 30160s] Constructing merger tree...
[ 30161s] [Success] Done with snapshot 10.
[ 30161s] Reading 2048 blocks for snapshot 11...
[ 32573s] Sending projection requests...
[ 32632s] Transferring particles to writers...
[ 32797s] Analyzing for FoF groups...
[ 37847s] Transferring boundary particles between writers...
[ 37860s] Linking boundary particles...
[ 37865s] Analyzing for halos / subhalos...
[ 37872s] Loading merger tree information...
[ 37882s] Constructing merger tree...
[ 37883s] [Success] Done with snapshot 11.
[ 37883s] Reading 2048 blocks for snapshot 12...
[ 40292s] Sending projection requests...
[ 40352s] Transferring particles to writers...
[ 40518s] Analyzing for FoF groups...
[ 45592s] Transferring boundary particles between writers...
[ 45605s] Linking boundary particles...
[ 45610s] Analyzing for halos / subhalos...
[ 45619s] Loading merger tree information...
[ 45631s] Constructing merger tree...
[ 45631s] [Success] Done with snapshot 12.
[ 45631s] Reading 2048 blocks for snapshot 13...
[ 48059s] Sending projection requests...
[ 48119s] Transferring particles to writers...
[ 48281s] Analyzing for FoF groups...
[ 53406s] Transferring boundary particles between writers...
[ 53419s] Linking boundary particles...
[ 53424s] Analyzing for halos / subhalos...
[ 53437s] Loading merger tree information...
[ 53448s] Constructing merger tree...
[ 53448s] [Success] Done with snapshot 13.
[ 53449s] Reading 2048 blocks for snapshot 14...
[ 55805s] Sending projection requests...
[ 55863s] Transferring particles to writers...
[ 56030s] Analyzing for FoF groups...
[ 61089s] Transferring boundary particles between writers...
[ 61104s] Linking boundary particles...
[ 61109s] Analyzing for halos / subhalos...
[ 61127s] Loading merger tree information...
[ 61138s] Constructing merger tree...
[ 61139s] [Success] Done with snapshot 14.
[ 61139s] Reading 2048 blocks for snapshot 15...
[ 63554s] Sending projection requests...
[ 63612s] Transferring particles to writers...
[ 63776s] Analyzing for FoF groups...
[ 68895s] Transferring boundary particles between writers...
[ 68909s] Linking boundary particles...
[ 68914s] Analyzing for halos / subhalos...
[ 68940s] Loading merger tree information...
[ 68951s] Constructing merger tree...
[ 68951s] [Success] Done with snapshot 15.
[ 68952s] Reading 2048 blocks for snapshot 16...
[ 71252s] Sending projection requests...
[ 71310s] Transferring particles to writers...
[ 71470s] Analyzing for FoF groups...
[ 76868s] Transferring boundary particles between writers...
[ 76884s] Linking boundary particles...
[ 76889s] Analyzing for halos / subhalos...
[ 76925s] Loading merger tree information...
[ 76936s] Constructing merger tree...
[ 76938s] [Success] Done with snapshot 16.
[ 76938s] Reading 2048 blocks for snapshot 17...
[ 79268s] Sending projection requests...
[ 79329s] Transferring particles to writers...
[ 79451s] Analyzing for FoF groups...
[ 84777s] Transferring boundary particles between writers...
[ 84791s] Linking boundary particles...
[ 84796s] Analyzing for halos / subhalos...
[ 84847s] Loading merger tree information...
[ 84861s] Constructing merger tree...
[ 84863s] [Success] Done with snapshot 17.
[ 84863s] Reading 2048 blocks for snapshot 18...
[ 86567s] Sending projection requests...
[ 86626s] Transferring particles to writers...
[ 86789s] Analyzing for FoF groups...
[ 91921s] Transferring boundary particles between writers...
[ 91936s] Linking boundary particles...
[ 91941s] Analyzing for halos / subhalos...
[ 92008s] Loading merger tree information...
[ 92022s] Constructing merger tree...
[ 92025s] [Success] Done with snapshot 18.
[ 92025s] Reading 2048 blocks for snapshot 19...
[ 93698s] Sending projection requests...
[ 93761s] Transferring particles to writers...
[ 93925s] Analyzing for FoF groups...
[ 99074s] Transferring boundary particles between writers...
[ 99088s] Linking boundary particles...
[ 99092s] Analyzing for halos / subhalos...
[ 99181s] Loading merger tree information...
[ 99197s] Constructing merger tree...
[ 99201s] [Success] Done with snapshot 19.
[ 99201s] Reading 2048 blocks for snapshot 20...
[100833s] Sending projection requests...
[100902s] Transferring particles to writers...
[101063s] Analyzing for FoF groups...
[107258s] Transferring boundary particles between writers...
[107272s] Linking boundary particles...
[107277s] Analyzing for halos / subhalos...
[107398s] Loading merger tree information...
[107412s] Constructing merger tree...
[107417s] [Success] Done with snapshot 20.
[107417s] Reading 2048 blocks for snapshot 21...
[109052s] Sending projection requests...
[109115s] Transferring particles to writers...
[109273s] Analyzing for FoF groups...
[114502s] Transferring boundary particles between writers...
[114516s] Linking boundary particles...
[114522s] Analyzing for halos / subhalos...
[114687s] Loading merger tree information...
[114704s] Constructing merger tree...
[114710s] [Success] Done with snapshot 21.
[114710s] Reading 2048 blocks for snapshot 22...
[116365s] Sending projection requests...
[116426s] Transferring particles to writers...
[116586s] Analyzing for FoF groups...
[121787s] Transferring boundary particles between writers...
[121801s] Linking boundary particles...
[121806s] Analyzing for halos / subhalos...
[122028s] Loading merger tree information...
[122045s] Constructing merger tree...
[122054s] [Success] Done with snapshot 22.
[122054s] Reading 2048 blocks for snapshot 23...
[123746s] Sending projection requests...
[123805s] Transferring particles to writers...
[123965s] Analyzing for FoF groups...
[129178s] Transferring boundary particles between writers...
[129191s] Linking boundary particles...
[129197s] Analyzing for halos / subhalos...
[129498s] Loading merger tree information...
[129517s] Constructing merger tree...
[129528s] [Success] Done with snapshot 23.
[129528s] Reading 2048 blocks for snapshot 24...
[131184s] Sending projection requests...
[131244s] Transferring particles to writers...
[131403s] Analyzing for FoF groups...
[136617s] Transferring boundary particles between writers...
[136631s] Linking boundary particles...
[136638s] Analyzing for halos / subhalos...
[137037s] Loading merger tree information...
[137058s] Constructing merger tree...
[137078s] [Success] Done with snapshot 24.
[137078s] Reading 2048 blocks for snapshot 25...
[138542s] Sending projection requests...
[138604s] Transferring particles to writers...
[138762s] Analyzing for FoF groups...
[144000s] Transferring boundary particles between writers...
[144013s] Linking boundary particles...
[144021s] Analyzing for halos / subhalos...
[144552s] Loading merger tree information...
[144570s] Constructing merger tree...
[144593s] [Success] Done with snapshot 25.
[144593s] Reading 2048 blocks for snapshot 26...
[146222s] Sending projection requests...
[146280s] Transferring particles to writers...
[146442s] Analyzing for FoF groups...
[151752s] Transferring boundary particles between writers...
[151767s] Linking boundary particles...
[151775s] Analyzing for halos / subhalos...
[152482s] Loading merger tree information...
[152503s] Constructing merger tree...
[152534s] [Success] Done with snapshot 26.
[152534s] Reading 2048 blocks for snapshot 27...
[154193s] Sending projection requests...
[154252s] Transferring particles to writers...
[154414s] Analyzing for FoF groups...
[159685s] Transferring boundary particles between writers...
[159698s] Linking boundary particles...
[159707s] Analyzing for halos / subhalos...
[Error] Failed to write 1 item of size 999767 bytes to fileno 6!
[Error] Reason: No space left on device
[Error] Failed to write 1 item of size 999767 bytes to fileno 6!
[Error] Reason: No space left on device
[     0s] Accepting connections...
[    72s] Accepted all reader / writer connections.
[    72s] Verified all reader / writer connections.
[    73s] Transmitted all client connection info.
[    73s] Reading 2048 blocks for snapshot 27...
[  2390s] Sending projection requests...
[  2450s] Transferring particles to writers...
[  2610s] Analyzing for FoF groups...
[  7879s] Transferring boundary particles between writers...
[  7892s] Linking boundary particles...
[  7901s] Analyzing for halos / subhalos...
[  8871s] Loading merger tree information...
[  8905s] Constructing merger tree...
[  8936s] [Success] Done with snapshot 27.
[  8936s] Reading 2048 blocks for snapshot 28...
[ 10392s] Sending projection requests...
[ 10452s] Transferring particles to writers...
[ 10615s] Analyzing for FoF groups...
[ 15887s] Transferring boundary particles between writers...
[ 15901s] Linking boundary particles...
[ 15911s] Analyzing for halos / subhalos...
[ 17173s] Loading merger tree information...
[ 17207s] Constructing merger tree...
[ 17246s] [Success] Done with snapshot 28.
[ 17247s] Reading 2048 blocks for snapshot 29...
[ 18644s] Sending projection requests...
[ 18709s] Transferring particles to writers...
[ 18871s] Analyzing for FoF groups...
[ 24189s] Transferring boundary particles between writers...
[ 24203s] Linking boundary particles...
[ 24212s] Analyzing for halos / subhalos...
[ 25812s] Loading merger tree information...
[ 25849s] Constructing merger tree...
[ 25901s] [Success] Done with snapshot 29.
[ 25901s] Reading 2048 blocks for snapshot 30...
[ 27336s] Sending projection requests...
[ 27399s] Transferring particles to writers...
[ 27560s] Analyzing for FoF groups...
[ 32904s] Transferring boundary particles between writers...
[ 32918s] Linking boundary particles...
[ 32927s] Analyzing for halos / subhalos...
[ 35013s] Loading merger tree information...
[ 35045s] Constructing merger tree...
[ 35103s] [Success] Done with snapshot 30.
[ 35103s] Reading 2048 blocks for snapshot 31...
[ 36544s] Sending projection requests...
[ 36606s] Transferring particles to writers...
[ 36767s] Analyzing for FoF groups...
[ 42074s] Transferring boundary particles between writers...
[ 42088s] Linking boundary particles...
[ 42099s] Analyzing for halos / subhalos...
[ 44764s] Loading merger tree information...
[ 44816s] Constructing merger tree...
[ 44914s] [Success] Done with snapshot 31.
[ 44914s] Reading 2048 blocks for snapshot 32...
[ 46325s] Sending projection requests...
[ 46390s] Transferring particles to writers...
[ 46551s] Analyzing for FoF groups...
[ 51885s] Transferring boundary particles between writers...
[ 51899s] Linking boundary particles...
[ 51910s] Analyzing for halos / subhalos...
[ 55356s] Loading merger tree information...
[ 55440s] Constructing merger tree...
[ 55534s] [Success] Done with snapshot 32.
[ 55534s] Reading 2048 blocks for snapshot 33...
[ 56946s] Sending projection requests...
[ 57007s] Transferring particles to writers...
[ 57169s] Analyzing for FoF groups...
[ 62541s] Transferring boundary particles between writers...
[ 62555s] Linking boundary particles...
[ 62567s] Analyzing for halos / subhalos...
[ 66883s] Loading merger tree information...
[ 66941s] Constructing merger tree...
[ 67037s] [Success] Done with snapshot 33.
[ 67037s] Reading 2048 blocks for snapshot 34...
[ 68446s] Sending projection requests...
[ 68516s] Transferring particles to writers...
[ 68678s] Analyzing for FoF groups...
[ 74068s] Transferring boundary particles between writers...
[ 74082s] Linking boundary particles...
[ 74094s] Analyzing for halos / subhalos...
[     0s] Accepting connections...
[    42s] Accepted all reader / writer connections.
[    42s] Verified all reader / writer connections.
[    42s] Transmitted all client connection info.
[    43s] Reading 2048 blocks for snapshot 34...
